This is pdfTeX, Version 3.14159265-2.6-1.40.21 (MiKTeX 20.11) (preloaded format=pdflatex 2020.11.15)  19 NOV 2020 14:50
entering extended mode
**./main.tex
(main.tex
LaTeX2e <2020-10-01> patch level 2
L3 programming layer <2020-10-27> xparse <2020-03-03>
(C:\Users\ariel\AppData\Local\Programs\MiKTeX\tex/latex/base\report.cls
Document Class: report 2020/04/10 v1.4m Standard LaTeX document class
(C:\Users\ariel\AppData\Local\Programs\MiKTeX\tex/latex/base\size10.clo
File: size10.clo 2020/04/10 v1.4m Standard LaTeX file (size option)
)
\c@part=\count175
\c@chapter=\count176
\c@section=\count177
\c@subsection=\count178
\c@subsubsection=\count179
\c@paragraph=\count180
\c@subparagraph=\count181
\c@figure=\count182
\c@table=\count183
\abovecaptionskip=\skip47
\belowcaptionskip=\skip48
\bibindent=\dimen138
)
(C:\Users\ariel\AppData\Local\Programs\MiKTeX\tex/latex/base\inputenc.sty
Package: inputenc 2020/08/01 v1.3d Input encoding file
\inpenc@prehook=\toks15
\inpenc@posthook=\toks16
)
(C:\Users\ariel\AppData\Local\Programs\MiKTeX\tex/latex/lm\lmodern.sty
Package: lmodern 2009/10/30 v1.6 Latin Modern Fonts
LaTeX Font Info:    Overwriting symbol font `operators' in version `normal'
(Font)                  OT1/cmr/m/n --> OT1/lmr/m/n on input line 22.
LaTeX Font Info:    Overwriting symbol font `letters' in version `normal'
(Font)                  OML/cmm/m/it --> OML/lmm/m/it on input line 23.
LaTeX Font Info:    Overwriting symbol font `symbols' in version `normal'
(Font)                  OMS/cmsy/m/n --> OMS/lmsy/m/n on input line 24.
LaTeX Font Info:    Overwriting symbol font `largesymbols' in version `normal'
(Font)                  OMX/cmex/m/n --> OMX/lmex/m/n on input line 25.
LaTeX Font Info:    Overwriting symbol font `operators' in version `bold'
(Font)                  OT1/cmr/bx/n --> OT1/lmr/bx/n on input line 26.
LaTeX Font Info:    Overwriting symbol font `letters' in version `bold'
(Font)                  OML/cmm/b/it --> OML/lmm/b/it on input line 27.
LaTeX Font Info:    Overwriting symbol font `symbols' in version `bold'
(Font)                  OMS/cmsy/b/n --> OMS/lmsy/b/n on input line 28.
LaTeX Font Info:    Overwriting symbol font `largesymbols' in version `bold'
(Font)                  OMX/cmex/m/n --> OMX/lmex/m/n on input line 29.
LaTeX Font Info:    Overwriting math alphabet `\mathbf' in version `normal'
(Font)                  OT1/cmr/bx/n --> OT1/lmr/bx/n on input line 31.
LaTeX Font Info:    Overwriting math alphabet `\mathsf' in version `normal'
(Font)                  OT1/cmss/m/n --> OT1/lmss/m/n on input line 32.
LaTeX Font Info:    Overwriting math alphabet `\mathit' in version `normal'
(Font)                  OT1/cmr/m/it --> OT1/lmr/m/it on input line 33.
LaTeX Font Info:    Overwriting math alphabet `\mathtt' in version `normal'
(Font)                  OT1/cmtt/m/n --> OT1/lmtt/m/n on input line 34.
LaTeX Font Info:    Overwriting math alphabet `\mathbf' in version `bold'
(Font)                  OT1/cmr/bx/n --> OT1/lmr/bx/n on input line 35.
LaTeX Font Info:    Overwriting math alphabet `\mathsf' in version `bold'
(Font)                  OT1/cmss/bx/n --> OT1/lmss/bx/n on input line 36.
LaTeX Font Info:    Overwriting math alphabet `\mathit' in version `bold'
(Font)                  OT1/cmr/bx/it --> OT1/lmr/bx/it on input line 37.
LaTeX Font Info:    Overwriting math alphabet `\mathtt' in version `bold'
(Font)                  OT1/cmtt/m/n --> OT1/lmtt/m/n on input line 38.
)
(C:\Users\ariel\AppData\Local\Programs\MiKTeX\tex/latex/base\fontenc.sty
Package: fontenc 2020/08/10 v2.0s Standard LaTeX package
LaTeX Font Info:    Trying to load font information for T1+lmr on input line 11
2.

(C:\Users\ariel\AppData\Local\Programs\MiKTeX\tex/latex/lm\t1lmr.fd
File: t1lmr.fd 2009/10/30 v1.6 Font defs for Latin Modern
))
(C:\Users\ariel\AppData\Local\Programs\MiKTeX\tex/generic/babel\babel.sty
Package: babel 2020/10/27 3.51 The Babel package

(C:\Users\ariel\AppData\Local\Programs\MiKTeX\tex/generic/babel\babel.def
File: babel.def 2020/10/27 3.51 Babel common definitions
\babel@savecnt=\count184
\U@D=\dimen139
\l@babelnohyphens=\language79

(C:\Users\ariel\AppData\Local\Programs\MiKTeX\tex/generic/babel\txtbabel.def)
\bbl@readstream=\read2
)
\bbl@dirlevel=\count185

*************************************
* Local config file bblopts.cfg used
*
(C:\Users\ariel\AppData\Local\Programs\MiKTeX\tex/latex/arabi\bblopts.cfg
File: bblopts.cfg 2005/09/08 v0.1 add Arabic and Farsi to "declared" options of
 babel
)
(C:\Users\ariel\AppData\Local\Programs\MiKTeX\tex/latex/babel-portuges\brazil.l
df
Language: portuges 2020/05/04 v1.2r Portuguese support from the babel system
Package babel Info: \l@brazil = using hyphenrules for portuguese
(babel)             (\language56) on input line 111.
Package babel Info: Making " an active character on input line 143.
))
(C:\Users\ariel\AppData\Local\Programs\MiKTeX\tex/latex/amsmath\amsmath.sty
Package: amsmath 2020/09/23 v2.17i AMS math features
\@mathmargin=\skip49

For additional information on amsmath, use the `?' option.
(C:\Users\ariel\AppData\Local\Programs\MiKTeX\tex/latex/amsmath\amstext.sty
Package: amstext 2000/06/29 v2.01 AMS text

(C:\Users\ariel\AppData\Local\Programs\MiKTeX\tex/latex/amsmath\amsgen.sty
File: amsgen.sty 1999/11/30 v2.0 generic functions
\@emptytoks=\toks17
\ex@=\dimen140
))
(C:\Users\ariel\AppData\Local\Programs\MiKTeX\tex/latex/amsmath\amsbsy.sty
Package: amsbsy 1999/11/29 v1.2d Bold Symbols
\pmbraise@=\dimen141
)
(C:\Users\ariel\AppData\Local\Programs\MiKTeX\tex/latex/amsmath\amsopn.sty
Package: amsopn 2016/03/08 v2.02 operator names
)
\inf@bad=\count186
LaTeX Info: Redefining \frac on input line 234.
\uproot@=\count187
\leftroot@=\count188
LaTeX Info: Redefining \overline on input line 399.
\classnum@=\count189
\DOTSCASE@=\count190
LaTeX Info: Redefining \ldots on input line 496.
LaTeX Info: Redefining \dots on input line 499.
LaTeX Info: Redefining \cdots on input line 620.
\Mathstrutbox@=\box47
\strutbox@=\box48
\big@size=\dimen142
LaTeX Font Info:    Redeclaring font encoding OML on input line 743.
LaTeX Font Info:    Redeclaring font encoding OMS on input line 744.
\macc@depth=\count191
\c@MaxMatrixCols=\count192
\dotsspace@=\muskip16
\c@parentequation=\count193
\dspbrk@lvl=\count194
\tag@help=\toks18
\row@=\count195
\column@=\count196
\maxfields@=\count197
\andhelp@=\toks19
\eqnshift@=\dimen143
\alignsep@=\dimen144
\tagshift@=\dimen145
\tagwidth@=\dimen146
\totwidth@=\dimen147
\lineht@=\dimen148
\@envbody=\toks20
\multlinegap=\skip50
\multlinetaggap=\skip51
\mathdisplay@stack=\toks21
LaTeX Info: Redefining \[ on input line 2923.
LaTeX Info: Redefining \] on input line 2924.
)
(C:\Users\ariel\AppData\Local\Programs\MiKTeX\tex/latex/amsfonts\amsfonts.sty
Package: amsfonts 2013/01/14 v3.01 Basic AMSFonts support
\symAMSa=\mathgroup4
\symAMSb=\mathgroup5
LaTeX Font Info:    Redeclaring math symbol \hbar on input line 98.
LaTeX Font Info:    Overwriting math alphabet `\mathfrak' in version `bold'
(Font)                  U/euf/m/n --> U/euf/b/n on input line 106.
)
(C:\Users\ariel\AppData\Local\Programs\MiKTeX\tex/latex/amsfonts\amssymb.sty
Package: amssymb 2013/01/14 v3.01 AMS font symbols
)
(C:\Users\ariel\AppData\Local\Programs\MiKTeX\tex/latex/base\makeidx.sty
Package: makeidx 2014/09/29 v1.0m Standard LaTeX package
)
(C:\Users\ariel\AppData\Local\Programs\MiKTeX\tex/latex/caption\caption.sty
Package: caption 2020/10/26 v3.5g Customizing captions (AR)

(C:\Users\ariel\AppData\Local\Programs\MiKTeX\tex/latex/caption\caption3.sty
Package: caption3 2020/10/21 v2.2e caption3 kernel (AR)

(C:\Users\ariel\AppData\Local\Programs\MiKTeX\tex/latex/graphics\keyval.sty
Package: keyval 2014/10/28 v1.15 key=value parser (DPC)
\KV@toks@=\toks22
)
\captionmargin=\dimen149
\captionmargin@=\dimen150
\captionwidth=\dimen151
\caption@tempdima=\dimen152
\caption@indent=\dimen153
\caption@parindent=\dimen154
\caption@hangindent=\dimen155
Package caption Info: Standard document class detected.
)
\c@caption@flags=\count198
\c@continuedfloat=\count199
)
(C:\Users\ariel\AppData\Local\Programs\MiKTeX\tex/latex/csquotes\csquotes.sty
Package: csquotes 2019-12-06 v5.2j context-sensitive quotations (JAW)

(C:\Users\ariel\AppData\Local\Programs\MiKTeX\tex/latex/etoolbox\etoolbox.sty
Package: etoolbox 2020/10/05 v2.5k e-TeX tools for LaTeX (JAW)
\etb@tempcnta=\count266
)
\csq@reset=\count267
\csq@gtype=\count268
\csq@glevel=\count269
\csq@qlevel=\count270
\csq@maxlvl=\count271
\csq@tshold=\count272
\csq@ltx@everypar=\toks23

(C:\Users\ariel\AppData\Local\Programs\MiKTeX\tex/latex/csquotes\csquotes.def
File: csquotes.def 2019-12-06 v5.2j csquotes generic definitions (JAW)
)
Package csquotes Info: Trying to load configuration file 'csquotes.cfg'...
Package csquotes Info: ... configuration file loaded successfully.

(C:\Users\ariel\AppData\Local\Programs\MiKTeX\tex/latex/csquotes\csquotes.cfg
File: csquotes.cfg 
)) (C:\Users\ariel\AppData\Local\Programs\MiKTeX\tex/latex/fancyvrb\fancyvrb.st
y
Package: fancyvrb 2020/05/03 v3.6 verbatim text (tvz,hv)
\FV@CodeLineNo=\count273
\FV@InFile=\read3
\FV@TabBox=\box49
\c@FancyVerbLine=\count274
\FV@StepNumber=\count275
\FV@OutFile=\write3
) (C:\Users\ariel\AppData\Local\Programs\MiKTeX\tex/latex/float\float.sty
Package: float 2001/11/08 v1.3d Float enhancements (AL)
\c@float@type=\count276
\float@exts=\toks24
\float@box=\box50
\@float@everytoks=\toks25
\@floatcapt=\box51
)
(C:\Users\ariel\AppData\Local\Programs\MiKTeX\tex/latex/tocloft\tocloft.sty
Package: tocloft 2017/08/31 v2.3i parameterised ToC, etc., typesetting
Package tocloft Info: The document has chapter divisions on input line 51.
\cftparskip=\skip52
\cftbeforetoctitleskip=\skip53
\cftaftertoctitleskip=\skip54
\cftbeforepartskip=\skip55
\cftpartnumwidth=\skip56
\cftpartindent=\skip57
\cftbeforechapskip=\skip58
\cftchapindent=\skip59
\cftchapnumwidth=\skip60
\cftbeforesecskip=\skip61
\cftsecindent=\skip62
\cftsecnumwidth=\skip63
\cftbeforesubsecskip=\skip64
\cftsubsecindent=\skip65
\cftsubsecnumwidth=\skip66
\cftbeforesubsubsecskip=\skip67
\cftsubsubsecindent=\skip68
\cftsubsubsecnumwidth=\skip69
\cftbeforeparaskip=\skip70
\cftparaindent=\skip71
\cftparanumwidth=\skip72
\cftbeforesubparaskip=\skip73
\cftsubparaindent=\skip74
\cftsubparanumwidth=\skip75
\cftbeforeloftitleskip=\skip76
\cftafterloftitleskip=\skip77
\cftbeforefigskip=\skip78
\cftfigindent=\skip79
\cftfignumwidth=\skip80
\c@lofdepth=\count277
\c@lotdepth=\count278
\cftbeforelottitleskip=\skip81
\cftafterlottitleskip=\skip82
\cftbeforetabskip=\skip83
\cfttabindent=\skip84
\cfttabnumwidth=\skip85
)
(C:\Users\ariel\AppData\Local\Programs\MiKTeX\tex/latex/titlesec\titlesec.sty
Package: titlesec 2019/10/16 v2.13 Sectioning titles
\ttl@box=\box52
\beforetitleunit=\skip86
\aftertitleunit=\skip87
\ttl@plus=\dimen156
\ttl@minus=\dimen157
\ttl@toksa=\toks26
\titlewidth=\dimen158
\titlewidthlast=\dimen159
\titlewidthfirst=\dimen160
)
(C:\Users\ariel\AppData\Local\Programs\MiKTeX\tex/latex/graphics\graphicx.sty
Package: graphicx 2020/09/09 v1.2b Enhanced LaTeX Graphics (DPC,SPQR)

(C:\Users\ariel\AppData\Local\Programs\MiKTeX\tex/latex/graphics\graphics.sty
Package: graphics 2020/08/30 v1.4c Standard LaTeX Graphics (DPC,SPQR)

(C:\Users\ariel\AppData\Local\Programs\MiKTeX\tex/latex/graphics\trig.sty
Package: trig 2016/01/03 v1.10 sin cos tan (DPC)
)
(C:\Users\ariel\AppData\Local\Programs\MiKTeX\tex/latex/graphics-cfg\graphics.c
fg
File: graphics.cfg 2016/06/04 v1.11 sample graphics configuration
)
Package graphics Info: Driver file: pdftex.def on input line 105.

(C:\Users\ariel\AppData\Local\Programs\MiKTeX\tex/latex/graphics-def\pdftex.def
File: pdftex.def 2020/10/05 v1.2a Graphics/color driver for pdftex
))
\Gin@req@height=\dimen161
\Gin@req@width=\dimen162
)
(C:\Users\ariel\AppData\Local\Programs\MiKTeX\tex/latex/tools\indentfirst.sty
Package: indentfirst 1995/11/23 v1.03 Indent first paragraph (DPC)
)
Package csquotes Info: Checking for multilingual support...
Package csquotes Info: ... found 'babel' package.
Package csquotes Info: Adjusting default style.
Package csquotes Info: Redefining alias 'default' -> 'brazil'.

(C:\Users\ariel\AppData\Local\Programs\MiKTeX\tex/latex/l3backend\l3backend-pdf
tex.def
File: l3backend-pdftex.def 2020-09-24 L3 backend support: PDF output (pdfTeX)
\l__kernel_color_stack_int=\count279
\l__pdf_internal_box=\box53
) (main.aux (chapters/abstract.aux) (chapters/introduction.aux)
(chapters/methodology.aux) (chapters/results.aux) (chapters/discussion.aux)
(chapters/conclusion.aux) (chapters/bibliography.aux) (chapters/code.aux))
\openout1 = `main.aux'.

LaTeX Font Info:    Checking defaults for OML/cmm/m/it on input line 29.
LaTeX Font Info:    ... okay on input line 29.
LaTeX Font Info:    Checking defaults for OMS/cmsy/m/n on input line 29.
LaTeX Font Info:    ... okay on input line 29.
LaTeX Font Info:    Checking defaults for OT1/cmr/m/n on input line 29.
LaTeX Font Info:    ... okay on input line 29.
LaTeX Font Info:    Checking defaults for T1/cmr/m/n on input line 29.
LaTeX Font Info:    ... okay on input line 29.
LaTeX Font Info:    Checking defaults for TS1/cmr/m/n on input line 29.
LaTeX Font Info:    ... okay on input line 29.
LaTeX Font Info:    Checking defaults for OMX/cmex/m/n on input line 29.
LaTeX Font Info:    ... okay on input line 29.
LaTeX Font Info:    Checking defaults for U/cmr/m/n on input line 29.
LaTeX Font Info:    ... okay on input line 29.
Package caption Info: Begin \AtBeginDocument code.
Package caption Info: float package is loaded.
Package caption Info: End \AtBeginDocument code.

(C:\Users\ariel\AppData\Local\Programs\MiKTeX\tex/context/base/mkii\supp-pdf.mk
ii
[Loading MPS to PDF converter (version 2006.09.02).]
\scratchcounter=\count280
\scratchdimen=\dimen163
\scratchbox=\box54
\nofMPsegments=\count281
\nofMParguments=\count282
\everyMPshowfont=\toks27
\MPscratchCnt=\count283
\MPscratchDim=\dimen164
\MPnumerator=\count284
\makeMPintoPDFobject=\count285
\everyMPtoPDFconversion=\toks28
)
(C:\Users\ariel\AppData\Local\Programs\MiKTeX\tex/latex/epstopdf-pkg\epstopdf-b
ase.sty
Package: epstopdf-base 2020-01-24 v2.11 Base part for package epstopdf
Package epstopdf-base Info: Redefining graphics rule for `.eps' on input line 4
85.
) (titlepage.tex
<images//uerj.png, id=1, 305.64188pt x 335.75438pt>
File: images//uerj.png Graphic file (type png)
<use images//uerj.png>
Package pdftex.def Info: images//uerj.png  used on input line 5.
(pdftex.def)             Requested size: 137.9979pt x 151.59013pt.
 [1

{C:/Users/ariel/AppData/Local/MiKTeX/pdftex/config/pdftex.map} <./images//uerj.
png>]) (main.toc
LaTeX Font Info:    Trying to load font information for OT1+lmr on input line 2
.

(C:\Users\ariel\AppData\Local\Programs\MiKTeX\tex/latex/lm\ot1lmr.fd
File: ot1lmr.fd 2009/10/30 v1.6 Font defs for Latin Modern
)
LaTeX Font Info:    Trying to load font information for OML+lmm on input line 2
.

(C:\Users\ariel\AppData\Local\Programs\MiKTeX\tex/latex/lm\omllmm.fd
File: omllmm.fd 2009/10/30 v1.6 Font defs for Latin Modern
)
LaTeX Font Info:    Trying to load font information for OMS+lmsy on input line 
2.

(C:\Users\ariel\AppData\Local\Programs\MiKTeX\tex/latex/lm\omslmsy.fd
File: omslmsy.fd 2009/10/30 v1.6 Font defs for Latin Modern
)
LaTeX Font Info:    Trying to load font information for OMX+lmex on input line 
2.

(C:\Users\ariel\AppData\Local\Programs\MiKTeX\tex/latex/lm\omxlmex.fd
File: omxlmex.fd 2009/10/30 v1.6 Font defs for Latin Modern
)
LaTeX Font Info:    External font `lmex10' loaded for size
(Font)              <10> on input line 2.
LaTeX Font Info:    External font `lmex10' loaded for size
(Font)              <7> on input line 2.
LaTeX Font Info:    External font `lmex10' loaded for size
(Font)              <5> on input line 2.
LaTeX Font Info:    Trying to load font information for U+msa on input line 2.

(C:\Users\ariel\AppData\Local\Programs\MiKTeX\tex/latex/amsfonts\umsa.fd
File: umsa.fd 2013/01/14 v3.01 AMS symbols A
)
LaTeX Font Info:    Trying to load font information for U+msb on input line 2.

(C:\Users\ariel\AppData\Local\Programs\MiKTeX\tex/latex/amsfonts\umsb.fd
File: umsb.fd 2013/01/14 v3.01 AMS symbols B
)
LaTeX Font Info:    Trying to load font information for T1+lmtt on input line 3
4.

(C:\Users\ariel\AppData\Local\Programs\MiKTeX\tex/latex/lm\t1lmtt.fd
File: t1lmtt.fd 2009/10/30 v1.6 Font defs for Latin Modern
))
\tf@toc=\write4
\openout4 = `main.toc'.

 [1]
(main.lof)
\tf@lof=\write5
\openout5 = `main.lof'.

 [2]
\openout2 = `chapters/abstract.aux'.

 (chapters/abstract.tex
Cap\'{\i }tulo 1.
)
Overfull \hbox (1.86009pt too wide) in paragraph at lines 9--36
[]\T1/lmr/m/n/10 Neste tra-ba-lho, fo-ram uti-li-za-dos qua-tro mé-to-dos nu-mé
-ri-cos --- Forward Time-
 []

[3


]
\openout2 = `chapters/introduction.aux'.

 (chapters/introduction.tex
Cap\'{\i }tulo 2.
[4




])
Underfull \hbox (badness 3919) in paragraph at lines 65--37
\T1/lmr/m/n/10 todo dos vo-lu-mes fi-ni-tos --- Forward Time-Backward Space (FT
BS),
 []

[5]
\openout2 = `chapters/methodology.aux'.

 (chapters/methodology.tex
Cap\'{\i }tulo 3.
[6




] [7] [8] [9] [10]) [11]
\openout2 = `chapters/results.aux'.

 (chapters/results.tex
Cap\'{\i }tulo 4.
LaTeX Font Info:    Trying to load font information for TS1+lmr on input line 6
.
(C:\Users\ariel\AppData\Local\Programs\MiKTeX\tex/latex/lm\ts1lmr.fd
File: ts1lmr.fd 2009/10/30 v1.6 Font defs for Latin Modern
)
LaTeX Font Info:    External font `lmex10' loaded for size
(Font)              <12> on input line 22.
LaTeX Font Info:    External font `lmex10' loaded for size
(Font)              <8> on input line 22.
LaTeX Font Info:    External font `lmex10' loaded for size
(Font)              <6> on input line 22.
<images//FTBSnx100.png, id=60, 578.16pt x 505.89pt>
File: images//FTBSnx100.png Graphic file (type png)
<use images//FTBSnx100.png>
Package pdftex.def Info: images//FTBSnx100.png  used on input line 26.
(pdftex.def)             Requested size: 241.49895pt x 211.30673pt.
<images//FTBSnx200.png, id=62, 578.16pt x 505.89pt>
File: images//FTBSnx200.png Graphic file (type png)
<use images//FTBSnx200.png>
Package pdftex.def Info: images//FTBSnx200.png  used on input line 31.
(pdftex.def)             Requested size: 241.49895pt x 211.30673pt.
 [12




]
<images//FTBSnx400.png, id=69, 578.16pt x 505.89pt>
File: images//FTBSnx400.png Graphic file (type png)
<use images//FTBSnx400.png>
Package pdftex.def Info: images//FTBSnx400.png  used on input line 36.
(pdftex.def)             Requested size: 241.49895pt x 211.30673pt.

[13 <./images//FTBSnx100.png> <./images//FTBSnx200.png>]
<images//FTBSt_final0,333.png, id=75, 578.16pt x 505.89pt>
File: images//FTBSt_final0,333.png Graphic file (type png)
<use images//FTBSt_final0,333.png>
Package pdftex.def Info: images//FTBSt_final0,333.png  used on input line 47.
(pdftex.def)             Requested size: 241.49895pt x 211.30673pt.
<images//FTBSt_final1,0.png, id=76, 578.16pt x 505.89pt>
File: images//FTBSt_final1,0.png Graphic file (type png)
<use images//FTBSt_final1,0.png>
Package pdftex.def Info: images//FTBSt_final1,0.png  used on input line 52.
(pdftex.def)             Requested size: 241.49895pt x 211.30673pt.
<images//FTBSt_final3,0.png, id=77, 578.16pt x 505.89pt>
File: images//FTBSt_final3,0.png Graphic file (type png)
<use images//FTBSt_final3,0.png>
Package pdftex.def Info: images//FTBSt_final3,0.png  used on input line 57.
(pdftex.def)             Requested size: 241.49895pt x 211.30673pt.
 [14 <./images//FTBSnx400.png> <./images//FTBSt_final0,333.png>]
<images//FTBSt_final6,0.png, id=84, 578.16pt x 505.89pt>
File: images//FTBSt_final6,0.png Graphic file (type png)
<use images//FTBSt_final6,0.png>
Package pdftex.def Info: images//FTBSt_final6,0.png  used on input line 62.
(pdftex.def)             Requested size: 241.49895pt x 211.30673pt.
 [15 <./images//FTBSt_final1,0.png> <./images//FTBSt_final3,0.png>]
<images//LFnx100.png, id=90, 578.16pt x 505.89pt>
File: images//LFnx100.png Graphic file (type png)
<use images//LFnx100.png>
Package pdftex.def Info: images//LFnx100.png  used on input line 75.
(pdftex.def)             Requested size: 241.49895pt x 211.30673pt.
<images//LFnx200.png, id=91, 578.16pt x 505.89pt>
File: images//LFnx200.png Graphic file (type png)
<use images//LFnx200.png>
Package pdftex.def Info: images//LFnx200.png  used on input line 80.
(pdftex.def)             Requested size: 241.49895pt x 211.30673pt.
 [16 <./images//FTBSt_final6,0.png>]
<images//LFnx400.png, id=96, 578.16pt x 505.89pt>
File: images//LFnx400.png Graphic file (type png)
<use images//LFnx400.png>
Package pdftex.def Info: images//LFnx400.png  used on input line 85.
(pdftex.def)             Requested size: 241.49895pt x 211.30673pt.
 [17 <./images//LFnx100.png> <./images//LFnx200.png>]
<images//LFt_final0,333.png, id=102, 578.16pt x 505.89pt>
File: images//LFt_final0,333.png Graphic file (type png)
<use images//LFt_final0,333.png>
Package pdftex.def Info: images//LFt_final0,333.png  used on input line 96.
(pdftex.def)             Requested size: 241.49895pt x 211.30673pt.
<images//LFt_final1,0.png, id=103, 578.16pt x 505.89pt>
File: images//LFt_final1,0.png Graphic file (type png)
<use images//LFt_final1,0.png>
Package pdftex.def Info: images//LFt_final1,0.png  used on input line 101.
(pdftex.def)             Requested size: 241.49895pt x 211.30673pt.
<images//LFt_final3,0.png, id=104, 578.16pt x 505.89pt>
File: images//LFt_final3,0.png Graphic file (type png)
<use images//LFt_final3,0.png>
Package pdftex.def Info: images//LFt_final3,0.png  used on input line 106.
(pdftex.def)             Requested size: 241.49895pt x 211.30673pt.
 [18 <./images//LFnx400.png> <./images//LFt_final0,333.png>]
<images//LFt_final6,0.png, id=111, 578.16pt x 505.89pt>
File: images//LFt_final6,0.png Graphic file (type png)
<use images//LFt_final6,0.png>
Package pdftex.def Info: images//LFt_final6,0.png  used on input line 111.
(pdftex.def)             Requested size: 241.49895pt x 211.30673pt.
 [19 <./images//LFt_final1,0.png> <./images//LFt_final3,0.png>]
<images//LWnx100.png, id=117, 578.16pt x 505.89pt>
File: images//LWnx100.png Graphic file (type png)
<use images//LWnx100.png>
Package pdftex.def Info: images//LWnx100.png  used on input line 124.
(pdftex.def)             Requested size: 241.49895pt x 211.30673pt.
<images//LWnx200.png, id=118, 578.16pt x 505.89pt>
File: images//LWnx200.png Graphic file (type png)
<use images//LWnx200.png>
Package pdftex.def Info: images//LWnx200.png  used on input line 129.
(pdftex.def)             Requested size: 241.49895pt x 211.30673pt.
 [20 <./images//LFt_final6,0.png>]
<images//LWnx400.png, id=123, 578.16pt x 505.89pt>
File: images//LWnx400.png Graphic file (type png)
<use images//LWnx400.png>
Package pdftex.def Info: images//LWnx400.png  used on input line 134.
(pdftex.def)             Requested size: 241.49895pt x 211.30673pt.
 [21 <./images//LWnx100.png> <./images//LWnx200.png>]
<images//LWt_final0,333.png, id=129, 578.16pt x 505.89pt>
File: images//LWt_final0,333.png Graphic file (type png)
<use images//LWt_final0,333.png>
Package pdftex.def Info: images//LWt_final0,333.png  used on input line 148.
(pdftex.def)             Requested size: 241.49895pt x 211.30673pt.
<images//LWt_final1,0.png, id=130, 578.16pt x 505.89pt>
File: images//LWt_final1,0.png Graphic file (type png)
<use images//LWt_final1,0.png>
Package pdftex.def Info: images//LWt_final1,0.png  used on input line 153.
(pdftex.def)             Requested size: 241.49895pt x 211.30673pt.
<images//LWt_final3,0.png, id=131, 578.16pt x 505.89pt>
File: images//LWt_final3,0.png Graphic file (type png)
<use images//LWt_final3,0.png>
Package pdftex.def Info: images//LWt_final3,0.png  used on input line 158.
(pdftex.def)             Requested size: 241.49895pt x 211.30673pt.
 [22 <./images//LWnx400.png> <./images//LWt_final0,333.png>]
<images//LWt_final6,0.png, id=137, 578.16pt x 505.89pt>
File: images//LWt_final6,0.png Graphic file (type png)
<use images//LWt_final6,0.png>
Package pdftex.def Info: images//LWt_final6,0.png  used on input line 163.
(pdftex.def)             Requested size: 241.49895pt x 211.30673pt.

[23 <./images//LWt_final1,0.png> <./images//LWt_final3,0.png>]
<images//BWnx100.png, id=143, 578.16pt x 505.89pt>
File: images//BWnx100.png Graphic file (type png)
<use images//BWnx100.png>
Package pdftex.def Info: images//BWnx100.png  used on input line 176.
(pdftex.def)             Requested size: 241.49895pt x 211.30673pt.
<images//BWnx200.png, id=144, 578.16pt x 505.89pt>
File: images//BWnx200.png Graphic file (type png)
<use images//BWnx200.png>
Package pdftex.def Info: images//BWnx200.png  used on input line 181.
(pdftex.def)             Requested size: 241.49895pt x 211.30673pt.
 [24 <./images//LWt_final6,0.png>]
<images//BWnx400.png, id=150, 578.16pt x 505.89pt>
File: images//BWnx400.png Graphic file (type png)
<use images//BWnx400.png>
Package pdftex.def Info: images//BWnx400.png  used on input line 186.
(pdftex.def)             Requested size: 241.49895pt x 211.30673pt.
 [25 <./images//BWnx100.png> <./images//BWnx200.png>]
<images//BWt_final0,333.png, id=156, 578.16pt x 505.89pt>
File: images//BWt_final0,333.png Graphic file (type png)
<use images//BWt_final0,333.png>
Package pdftex.def Info: images//BWt_final0,333.png  used on input line 197.
(pdftex.def)             Requested size: 241.49895pt x 211.30673pt.
<images//BWt_final1,0.png, id=157, 578.16pt x 505.89pt>
File: images//BWt_final1,0.png Graphic file (type png)
<use images//BWt_final1,0.png>
Package pdftex.def Info: images//BWt_final1,0.png  used on input line 202.
(pdftex.def)             Requested size: 241.49895pt x 211.30673pt.
<images//BWt_final3,0.png, id=158, 578.16pt x 505.89pt>
File: images//BWt_final3,0.png Graphic file (type png)
<use images//BWt_final3,0.png>
Package pdftex.def Info: images//BWt_final3,0.png  used on input line 207.
(pdftex.def)             Requested size: 241.49895pt x 211.30673pt.
 [26 <./images//BWnx400.png> <./images//BWt_final0,333.png>]
<images//BWt_final6,0.png, id=164, 578.16pt x 505.89pt>
File: images//BWt_final6,0.png Graphic file (type png)
<use images//BWt_final6,0.png>
Package pdftex.def Info: images//BWt_final6,0.png  used on input line 212.
(pdftex.def)             Requested size: 241.49895pt x 211.30673pt.
 [27 <./images//BWt_final1,0.png> <./images//BWt_final3,0.png>]) [28 <./images/
/BWt_final6,0.png>]
\openout2 = `chapters/discussion.aux'.


(chapters/discussion.tex
Cap\'{\i }tulo 5.
) [29




]
\openout2 = `chapters/conclusion.aux'.

 (chapters/conclusion.tex
Cap\'{\i }tulo 6.
) [30




]
\openout2 = `chapters/bibliography.aux'.

 (chapters/bibliography.tex
Cap\'{\i }tulo 7.
) [31




]
\openout2 = `chapters/code.aux'.

 (chapters/code.tex
Cap\'{\i }tulo 8.
LaTeX Font Info:    Font shape `T1/lmtt/bx/n' in size <12> not available
(Font)              Font shape `T1/lmtt/b/n' tried instead on input line 3.
LaTeX Font Info:    Font shape `T1/lmtt/bx/n' in size <10> not available
(Font)              Font shape `T1/lmtt/b/n' tried instead on input line 5.
[32




]
LaTeX Font Info:    Trying to load font information for TS1+lmtt on input line 
113.
 (C:\Users\ariel\AppData\Local\Programs\MiKTeX\tex/latex/lm\ts1lmtt.fd
File: ts1lmtt.fd 2009/10/30 v1.6 Font defs for Latin Modern
)
[33] [34] [35] [36] [37] [38] [39] [40]) [41] (main.aux (chapters/abstract.aux)
(chapters/introduction.aux) (chapters/methodology.aux) (chapters/results.aux)
(chapters/discussion.aux) (chapters/conclusion.aux) (chapters/bibliography.aux)
(chapters/code.aux)) ) 
Here is how much of TeX's memory you used:
 7041 strings out of 479832
 111070 string characters out of 2871057
 409116 words of memory out of 3000000
 23820 multiletter control sequences out of 15000+200000
 614816 words of font info for 83 fonts, out of 3000000 for 9000
 1141 hyphenation exceptions out of 8191
 66i,9n,72p,371b,336s stack positions out of 5000i,500n,10000p,200000b,50000s
{C:/Users/ariel/AppData/Local/Programs/MiKTeX/fonts/enc/d
vips/lm/lm-ts1.enc}{C:/Users/ariel/AppData/Local/Programs/MiKTeX/fonts/enc/dvip
s/lm/lm-ec.enc}{C:/Users/ariel/AppData/Local/Programs/MiKTeX/fonts/enc/dvips/lm
/lm-mathit.enc}{C:/Users/ariel/AppData/Local/Programs/MiKTeX/fonts/enc/dvips/lm
/lm-mathsy.enc}{C:/Users/ariel/AppData/Local/Programs/MiKTeX/fonts/enc/dvips/lm
/lm-rm.enc}{C:/Users/ariel/AppData/Local/Programs/MiKTeX/fonts/enc/dvips/lm/lm-
mathex.enc}<C:/Users/ariel/AppData/Local/Programs/MiKTeX/fonts/type1/public/lm/
lmbx10.pfb><C:/Users/ariel/AppData/Local/Programs/MiKTeX/fonts/type1/public/lm/
lmbx12.pfb><C:/Users/ariel/AppData/Local/Programs/MiKTeX/fonts/type1/public/lm/
lmbx8.pfb><C:/Users/ariel/AppData/Local/Programs/MiKTeX/fonts/type1/public/lm/l
mbxi10.pfb><C:/Users/ariel/AppData/Local/Programs/MiKTeX/fonts/type1/public/lm/
lmex10.pfb><C:/Users/ariel/AppData/Local/Programs/MiKTeX/fonts/type1/public/lm/
lmmi10.pfb><C:/Users/ariel/AppData/Local/Programs/MiKTeX/fonts/type1/public/lm/
lmmi12.pfb><C:/Users/ariel/AppData/Local/Programs/MiKTeX/fonts/type1/public/lm/
lmmi5.pfb><C:/Users/ariel/AppData/Local/Programs/MiKTeX/fonts/type1/public/lm/l
mmi7.pfb><C:/Users/ariel/AppData/Local/Programs/MiKTeX/fonts/type1/public/lm/lm
r10.pfb><C:/Users/ariel/AppData/Local/Programs/MiKTeX/fonts/type1/public/lm/lmr
17.pfb><C:/Users/ariel/AppData/Local/Programs/MiKTeX/fonts/type1/public/lm/lmr5
.pfb><C:/Users/ariel/AppData/Local/Programs/MiKTeX/fonts/type1/public/lm/lmr7.p
fb><C:/Users/ariel/AppData/Local/Programs/MiKTeX/fonts/type1/public/lm/lmri10.p
fb><C:/Users/ariel/AppData/Local/Programs/MiKTeX/fonts/type1/public/lm/lmsy10.p
fb><C:/Users/ariel/AppData/Local/Programs/MiKTeX/fonts/type1/public/lm/lmsy5.pf
b><C:/Users/ariel/AppData/Local/Programs/MiKTeX/fonts/type1/public/lm/lmsy7.pfb
><C:/Users/ariel/AppData/Local/Programs/MiKTeX/fonts/type1/public/lm/lmtk10.pfb
><C:/Users/ariel/AppData/Local/Programs/MiKTeX/fonts/type1/public/lm/lmtt10.pfb
><C:/Users/ariel/AppData/Local/Programs/MiKTeX/fonts/type1/public/lm/lmtt8.pfb>
<C:/Users/ariel/AppData/Local/Programs/MiKTeX/fonts/type1/public/amsfonts/symbo
ls/msam10.pfb>
Output written on main.pdf (42 pages, 1478693 bytes).
PDF statistics:
 294 PDF objects out of 1000 (max. 8388607)
 0 named destinations out of 1000 (max. 500000)
 146 words of extra memory for PDF output out of 10000 (max. 10000000)

